[INFO] Scanning for projects...
[INFO] 
[INFO] -------------< com.kidfashion.ecommerce:kids-fashion-shop >-------------
[INFO] Building kids-fashion-shop 0.0.1-SNAPSHOT
[INFO]   from pom.xml
[INFO] --------------------------------[ jar ]---------------------------------
[INFO] 
[INFO] >>> spring-boot:3.4.5:run (default-cli) > test-compile @ kids-fashion-shop >>>
[INFO] 
[INFO] --- resources:3.3.1:resources (default-resources) @ kids-fashion-shop ---
[INFO] Copying 1 resource from src\main\resources to target\classes
[INFO] Copying 30 resources from src\main\resources to target\classes
[INFO] 
[INFO] --- compiler:3.13.0:compile (default-compile) @ kids-fashion-shop ---
[INFO] Nothing to compile - all classes are up to date.
[INFO] 
[INFO] --- resources:3.3.1:testResources (default-testResources) @ kids-fashion-shop ---
[INFO] Copying 1 resource from src\test\resources to target\test-classes
[INFO] 
[INFO] --- compiler:3.13.0:testCompile (default-testCompile) @ kids-fashion-shop ---
[INFO] Nothing to compile - all classes are up to date.
[INFO] 
[INFO] <<< spring-boot:3.4.5:run (default-cli) < test-compile @ kids-fashion-shop <<<
[INFO] 
[INFO] 
[INFO] --- spring-boot:3.4.5:run (default-cli) @ kids-fashion-shop ---
[INFO] Attaching agents: []

  .   ____          _            __ _ _
 /\\ / ___'_ __ _ _(_)_ __  __ _ \ \ \ \
( ( )\___ | '_ | '_| | '_ \/ _` | \ \ \ \
 \\/  ___)| |_)| | | | | || (_| |  ) ) ) )
  '  |____| .__|_| |_|_| |_\__, | / / / /
 =========|_|==============|___/=/_/_/_/

 :: Spring Boot ::                (v3.4.5)

2026-03-31T14:07:32.771+07:00  INFO 19508 --- [kids-fashion-shop] [           main] c.k.e.k.KidsFashionShopApplication       : Starting KidsFashionShopApplication using Java 17.0.14 with PID 19508 (D:\JavaUdemy\kids-fashion-shop\target\classes started by PH?M TRÍ TR?NG in D:\JavaUdemy\kids-fashion-shop)
2026-03-31T14:07:32.777+07:00  INFO 19508 --- [kids-fashion-shop] [           main] c.k.e.k.KidsFashionShopApplication       : No active profile set, falling back to 1 default profile: "default"
2026-03-31T14:07:33.228+07:00  INFO 19508 --- [kids-fashion-shop] [           main] .s.d.r.c.RepositoryConfigurationDelegate : Bootstrapping Spring Data JPA repositories in DEFAULT mode.
2026-03-31T14:07:33.289+07:00  INFO 19508 --- [kids-fashion-shop] [           main] .s.d.r.c.RepositoryConfigurationDelegate : Finished Spring Data repository scanning in 53 ms. Found 6 JPA repository interfaces.
2026-03-31T14:07:33.786+07:00  INFO 19508 --- [kids-fashion-shop] [           main] o.s.b.w.embedded.tomcat.TomcatWebServer  : Tomcat initialized with port 8080 (http)
2026-03-31T14:07:33.797+07:00  INFO 19508 --- [kids-fashion-shop] [           main] o.apache.catalina.core.StandardService   : Starting service [Tomcat]
2026-03-31T14:07:33.797+07:00  INFO 19508 --- [kids-fashion-shop] [           main] o.apache.catalina.core.StandardEngine    : Starting Servlet engine: [Apache Tomcat/10.1.40]
2026-03-31T14:07:33.848+07:00  INFO 19508 --- [kids-fashion-shop] [           main] o.a.c.c.C.[Tomcat].[localhost].[/]       : Initializing Spring embedded WebApplicationContext
2026-03-31T14:07:33.851+07:00  INFO 19508 --- [kids-fashion-shop] [           main] w.s.c.ServletWebServerApplicationContext : Root WebApplicationContext: initialization completed in 1041 ms
2026-03-31T14:07:33.985+07:00  INFO 19508 --- [kids-fashion-shop] [           main] o.hibernate.jpa.internal.util.LogHelper  : HHH000204: Processing PersistenceUnitInfo [name: default]
2026-03-31T14:07:34.024+07:00  INFO 19508 --- [kids-fashion-shop] [           main] org.hibernate.Version                    : HHH000412: Hibernate ORM core version 6.6.13.Final
2026-03-31T14:07:34.052+07:00  INFO 19508 --- [kids-fashion-shop] [           main] o.h.c.internal.RegionFactoryInitiator    : HHH000026: Second-level cache disabled
2026-03-31T14:07:34.291+07:00  INFO 19508 --- [kids-fashion-shop] [           main] o.s.o.j.p.SpringPersistenceUnitInfo      : No LoadTimeWeaver setup: ignoring JPA class transformer
2026-03-31T14:07:34.327+07:00  INFO 19508 --- [kids-fashion-shop] [           main] com.zaxxer.hikari.HikariDataSource       : HikariPool-1 - Starting...
2026-03-31T14:07:34.491+07:00  INFO 19508 --- [kids-fashion-shop] [           main] com.zaxxer.hikari.pool.HikariPool        : HikariPool-1 - Added connection com.mysql.cj.jdbc.ConnectionImpl@20864cd1
2026-03-31T14:07:34.493+07:00  INFO 19508 --- [kids-fashion-shop] [           main] com.zaxxer.hikari.HikariDataSource       : HikariPool-1 - Start completed.
2026-03-31T14:07:34.577+07:00  INFO 19508 --- [kids-fashion-shop] [           main] org.hibernate.orm.connections.pooling    : HHH10001005: Database info:
	Database JDBC URL [Connecting through datasource 'HikariDataSource (HikariPool-1)']
	Database driver: undefined/unknown
	Database version: 8.0.43
	Autocommit mode: undefined/unknown
	Isolation level: undefined/unknown
	Minimum pool size: undefined/unknown
	Maximum pool size: undefined/unknown
2026-03-31T14:07:35.457+07:00  INFO 19508 --- [kids-fashion-shop] [           main] o.h.e.t.j.p.i.JtaPlatformInitiator       : HHH000489: No JTA platform available (set 'hibernate.transaction.jta.platform' to enable JTA platform integration)
Hibernate: 
    alter table shop_orders 
       modify column status enum ('CHO_XAC_NHAN','DANG_GIAO','HOAN_THANH','HUY') not null
Hibernate: 
    alter table users 
       modify column role enum ('ADMIN','CUSTOMER') not null
2026-03-31T14:07:35.537+07:00  INFO 19508 --- [kids-fashion-shop] [           main] j.LocalContainerEntityManagerFactoryBean : Initialized JPA EntityManagerFactory for persistence unit 'default'
2026-03-31T14:07:35.743+07:00  INFO 19508 --- [kids-fashion-shop] [           main] o.s.d.j.r.query.QueryEnhancerFactory     : Hibernate is in classpath; If applicable, HQL parser will be used.
2026-03-31T14:07:36.395+07:00  INFO 19508 --- [kids-fashion-shop] [           main] eAuthenticationProviderManagerConfigurer : Global AuthenticationManager configured with AuthenticationProvider bean with name authenticationProvider
2026-03-31T14:07:36.395+07:00  WARN 19508 --- [kids-fashion-shop] [           main] r$InitializeUserDetailsManagerConfigurer : Global AuthenticationManager configured with an AuthenticationProvider bean. UserDetailsService beans will not be used by Spring Security for automatically configuring username/password login. Consider removing the AuthenticationProvider bean. Alternatively, consider using the UserDetailsService in a manually instantiated DaoAuthenticationProvider. If the current configuration is intentional, to turn off this warning, increase the logging level of 'org.springframework.security.config.annotation.authentication.configuration.InitializeUserDetailsBeanManagerConfigurer' to ERROR
2026-03-31T14:07:36.739+07:00  WARN 19508 --- [kids-fashion-shop] [           main] ConfigServletWebServerApplicationContext : Exception encountered during context initialization - cancelling refresh attempt: org.springframework.context.ApplicationContextException: Failed to start bean 'webServerStartStop'
2026-03-31T14:07:36.739+07:00  INFO 19508 --- [kids-fashion-shop] [           main] j.LocalContainerEntityManagerFactoryBean : Closing JPA EntityManagerFactory for persistence unit 'default'
2026-03-31T14:07:36.739+07:00  INFO 19508 --- [kids-fashion-shop] [           main] com.zaxxer.hikari.HikariDataSource       : HikariPool-1 - Shutdown initiated...
2026-03-31T14:07:36.744+07:00  INFO 19508 --- [kids-fashion-shop] [           main] com.zaxxer.hikari.HikariDataSource       : HikariPool-1 - Shutdown completed.
2026-03-31T14:07:36.751+07:00  INFO 19508 --- [kids-fashion-shop] [           main] .s.b.a.l.ConditionEvaluationReportLogger : 

Error starting ApplicationContext. To display the condition evaluation report re-run your application with 'debug' enabled.
2026-03-31T14:07:36.760+07:00 ERROR 19508 --- [kids-fashion-shop] [           main] o.s.b.d.LoggingFailureAnalysisReporter   : 

***************************
APPLICATION FAILED TO START
***************************

Description:

Web server failed to start. Port 8080 was already in use.

Action:

Identify and stop the process that's listening on port 8080 or configure this application to listen on another port.

[INFO] ------------------------------------------------------------------------
[INFO] BUILD FAILURE
[INFO] ------------------------------------------------------------------------
[INFO] Total time:  5.958 s
[INFO] Finished at: 2026-03-31T14:07:36+07:00
[INFO] ------------------------------------------------------------------------
[ERROR] Failed to execute goal org.springframework.boot:spring-boot-maven-plugin:3.4.5:run (default-cli) on project kids-fashion-shop: Process terminated with exit code: 1 -> [Help 1]
[ERROR] 
[ERROR] To see the full stack trace of the errors, re-run Maven with the -e switch.
[ERROR] Re-run Maven using the -X switch to enable full debug logging.
[ERROR] 
[ERROR] For more information about the errors and possible solutions, please read the following articles:
[ERROR] [Help 1] http://cwiki.apache.org/confluence/display/MAVEN/MojoExecutionException
